<?xml version="1.0" encoding="UTF-8"?>
<coverage generated="1780504615759" clover="3.2.0">
  <project timestamp="1780504615760" name="All files">
    <metrics statements="9" coveredstatements="9" conditionals="6" coveredconditionals="6" methods="4" coveredmethods="4" elements="19" coveredelements="19" complexity="0" loc="9" ncloc="9" packages="1" files="1" classes="1"/>
    <file name="calculator.js" path="/var/home/abraham/Documents/SWEG/Regular/year4/SEMI-2/SQAT/lab/Assigment/jest/jest-calculator-app/calculator.js">
      <metrics statements="9" coveredstatements="9" conditionals="6" coveredconditionals="6" methods="4" coveredmethods="4"/>
      <line num="1" count="11" type="stmt"/>
      <line num="2" count="11" type="stmt"/>
      <line num="3" count="11" type="stmt"/>
      <line num="5" count="14" type="cond" truecount="2" falsecount="0"/>
      <line num="6" count="3" type="stmt"/>
      <line num="8" count="11" type="cond" truecount="4" falsecount="0"/>
      <line num="9" count="5" type="stmt"/>
      <line num="11" count="6" type="stmt"/>
      <line num="14" count="1" type="stmt"/>
    </file>
  </project>
</coverage>
